
Showing logs for build [32mcb-kubecd-bdd-gh-1577407789-pr-z8tcm-1[0m stage [32mfrom-build-pack[0m and container [32mstep-credential-initializer-94hn6[0m
{"level":"warn","ts":1577408359.0201209,"logger":"fallback-logger","caller":"logging/config.go:69","msg":"Fetch GitHub commit ID from kodata failed: \"ref: refs/heads/master\" is not a valid GitHub commit ID"}
{"level":"info","ts":1577408359.020669,"logger":"fallback-logger","caller":"creds-init/main.go:40","msg":"Credentials initialized."}

Showing logs for build [32mcb-kubecd-bdd-gh-1577407789-pr-z8tcm-1[0m stage [32mfrom-build-pack[0m and container [32mstep-working-dir-initializer-7vvm5[0m
{"level":"warn","ts":1577408360.1516516,"logger":"fallback-logger","caller":"logging/config.go:69","msg":"Fetch GitHub commit ID from kodata failed: open /var/run/ko/HEAD: no such file or directory"}
{"level":"info","ts":1577408360.1535227,"logger":"fallback-logger","caller":"bash/main.go:65","msg":"Successfully executed command \"mkdir -p /workspace/source\""}

Showing logs for build [32mcb-kubecd-bdd-gh-1577407789-pr-z8tcm-1[0m stage [32mfrom-build-pack[0m and container [32mstep-place-tools[0m

Showing logs for build [32mcb-kubecd-bdd-gh-1577407789-pr-z8tcm-1[0m stage [32mfrom-build-pack[0m and container [32mstep-git-source-cb-kubecd-bdd-gh-1577407789-pr-8t95x[0m
{"level":"warn","ts":1577408367.6416445,"logger":"fallback-logger","caller":"logging/config.go:69","msg":"Fetch GitHub commit ID from kodata failed: \"ref: refs/heads/master\" is not a valid GitHub commit ID"}
{"level":"info","ts":1577408368.8163533,"logger":"fallback-logger","caller":"git/git.go:102","msg":"Successfully cloned https://github.com/cb-kubecd/bdd-gh-1577407789.git @ master in path /workspace/source"}

Showing logs for build [32mcb-kubecd-bdd-gh-1577407789-pr-z8tcm-1[0m stage [32mfrom-build-pack[0m and container [32mstep-git-merge[0m
Using SHAs from PULL_REFS=master:ba9ef2cf5c86e8911024a3f9baff6b63ade98ef6,1:5480dcea4a2b6adb644e2063225fe18eb6eaff1e
DEBUG: ran git fetch --unshallow origin 5480dcea4a2b6adb644e2063225fe18eb6eaff1e: ba9ef2cf5c86e8911024a3f9baff6b63ade98ef6: in 
DEBUG: ran git checkout master in 
DEBUG: ran git reset --hard ba9ef2cf5c86e8911024a3f9baff6b63ade98ef6 in 
DEBUG: ran clean --force -d . in 
DEBUG: ran git merge 5480dcea4a2b6adb644e2063225fe18eb6eaff1e in 
Merged SHA 5480dcea4a2b6adb644e2063225fe18eb6eaff1e with commit message 'My first PR commit' into base branch master

Showing logs for build [32mcb-kubecd-bdd-gh-1577407789-pr-z8tcm-1[0m stage [32mfrom-build-pack[0m and container [32mstep-build-make-linux[0m
CGO_ENABLED=0 GOOS=linux GOARCH=amd64 GO15VENDOREXPERIMENT=1 go build -ldflags '' -o bin/bdd-gh-1577407789 main.go

Showing logs for build [32mcb-kubecd-bdd-gh-1577407789-pr-z8tcm-1[0m stage [32mfrom-build-pack[0m and container [32mstep-build-container-build[0m
[36mINFO[0m[0000] No base image, nothing to extract            
[36mINFO[0m[0000] cmd: EXPOSE                                  
[36mINFO[0m[0000] Adding exposed port: 8080/tcp                
[36mINFO[0m[0000] Using files from context: [/workspace/source/bin] 
[36mINFO[0m[0000] Skipping unpacking as no commands require it. 
[36mINFO[0m[0000] Taking snapshot of full filesystem...        
[36mINFO[0m[0000] EXPOSE 8080                                  
[36mINFO[0m[0000] cmd: EXPOSE                                  
[36mINFO[0m[0000] Adding exposed port: 8080/tcp                
[36mINFO[0m[0000] No files changed in this command, skipping snapshotting. 
[36mINFO[0m[0000] ENTRYPOINT ["/bdd-gh-1577407789"]            
[36mINFO[0m[0000] No files changed in this command, skipping snapshotting. 
[36mINFO[0m[0000] Using files from context: [/workspace/source/bin] 
[36mINFO[0m[0000] COPY ./bin/ /                                
[36mINFO[0m[0000] Taking snapshot of files...                  
2019/12/27 00:59:47 pushed blob: sha256:f56c3f6406e6ca84a64ebf7da0863c4ce6c5e66b221c6346e8538dc33a0e7c13
2019/12/27 00:59:48 pushed blob: sha256:308c04b1de2d331728f25bac7422a59d63bb213378acab13a39167024bff1c89
2019/12/27 00:59:50 gcr.io/jenkins-x-bdd3/bdd-gh-1577407789:0.0.0-SNAPSHOT-PR-1-1: digest: sha256:9b25996c4c6f44d5dde1f9a3753f1bcc85fbb0583946716bcea1fecd1d23eb00 size: 428

Showing logs for build [32mcb-kubecd-bdd-gh-1577407789-pr-z8tcm-1[0m stage [32mfrom-build-pack[0m and container [32mstep-postbuild-post-build[0m
no CVE provider running in the current ** namespace so skip adding image to be analysed

Showing logs for build [32mcb-kubecd-bdd-gh-1577407789-pr-z8tcm-1[0m stage [32mfrom-build-pack[0m and container [32mstep-promote-make-preview[0m
sed -i -e "s/version:.*/version: 0.0.0-SNAPSHOT-PR-1-1/" Chart.yaml
sed -i -e "s/version:.*/version: 0.0.0-SNAPSHOT-PR-1-1/" ../*/Chart.yaml
sed -i -e "s|repository:.*|repository: gcr.io\/jenkins-x-bdd3\/bdd-gh-1577407789|" values.yaml
sed -i -e "s/tag:.*/tag: 0.0.0-SNAPSHOT-PR-1-1/" values.yaml
echo "  version: 0.0.0-SNAPSHOT-PR-1-1" >> requirements.yaml
** step helm build
WARNING: No $CHART_REPOSITORY defined so using the default value of: http://jenkins-x-chartmuseum:8080
Adding missing Helm repo: storage.googleapis.com https://storage.googleapis.com/chartmuseum.jenkins-x.io
WARNING: No secrets found on "helm/repos" due: reading the secret "helm/repos" from vault: no secret "helm/repos" not found in vault
Read credentials for https://storage.googleapis.com/chartmuseum.jenkins-x.io from vault helm/repos
Successfully added Helm repository storage.googleapis.com.
Adding missing Helm repo: jenkins-x-chartmuseum http://jenkins-x-chartmuseum:8080
WARNING: No secrets found on "helm/repos" due: reading the secret "helm/repos" from vault: no secret "helm/repos" not found in vault
Read credentials for http://jenkins-x-chartmuseum:8080 from vault helm/repos
Successfully added Helm repository jenkins-x-chartmuseum.
WARNING: No $CHART_REPOSITORY defined so using the default value of: http://jenkins-x-chartmuseum:8080
Adding missing Helm repo: chartmuseum.jenkins-x.io http://chartmuseum.jenkins-x.io
WARNING: No secrets found on "helm/repos" due: reading the secret "helm/repos" from vault: no secret "helm/repos" not found in vault
Read credentials for http://chartmuseum.jenkins-x.io from vault helm/repos
Successfully added Helm repository chartmuseum.jenkins-x.io.

Showing logs for build [32mcb-kubecd-bdd-gh-1577407789-pr-z8tcm-1[0m stage [32mfrom-build-pack[0m and container [32mstep-promote-jx-preview[0m
Creating a preview
Created environment cb-kubecd-bdd-gh-1577407789-pr-1
Namespace **-cb-kubecd-bdd-gh-1577407789-pr-1 created 
expose:
  Annotations:
    helm.sh/hook: post-install,post-upgrade
    helm.sh/hook-delete-policy: hook-succeeded
  config:
    domain: 35.241.160.177.nip.io
    exposer: Ingress
    http: "true"
preview:
  image:
    repository: gcr.io/jenkins-x-bdd3/bdd-gh-1577407789
    tag: 0.0.0-SNAPSHOT-PR-1-1


Updating PipelineActivities cb-kubecd-bdd-gh-1577407789-pr-1-1 which has status Running
Preview application is now available at: http://bdd-gh-1577407789.**-cb-kubecd-bdd-gh-1577407789-pr-1.35.241.160.177.nip.io
